<?xml version="1.0" encoding="UTF-8"?>
<testng-results skipped="0" failed="0" ignored="0" total="1" passed="1">
  <reporter-output>
  </reporter-output>
  <suite name="Suite" duration-ms="11132" started-at="2021-05-04T15:47:29Z" finished-at="2021-05-04T15:47:41Z">
    <groups>
    </groups>
    <test name="Test" duration-ms="11132" started-at="2021-05-04T15:47:29Z" finished-at="2021-05-04T15:47:41Z">
      <class name="reports.Extentreport3">
        <test-method status="PASS" signature="report3()[pri:0, instance:reports.Extentreport3@6b71769e]" name="report3" duration-ms="11102" started-at="2021-05-04T15:47:29Z" finished-at="2021-05-04T15:47:41Z">
          <reporter-output>
          </reporter-output>
        </test-method> <!-- report3 -->
      </class> <!-- reports.Extentreport3 -->
    </test> <!-- Test -->
  </suite> <!-- Suite -->
</testng-results>
