<?xml version="1.0" encoding="UTF-8"?>
<testng-results skipped="0" failed="0" ignored="0" total="1" passed="1">
  <reporter-output>
  </reporter-output>
  <suite name="Default suite" duration-ms="9229" started-at="2021-06-13T12:00:27Z" finished-at="2021-06-13T12:00:36Z">
    <groups>
    </groups>
    <test name="Default test" duration-ms="9229" started-at="2021-06-13T12:00:27Z" finished-at="2021-06-13T12:00:36Z">
      <class name="testcase.testcase3">
        <test-method status="PASS" signature="setup()[pri:0, instance:testcase.testcase3@3bfdc050]" name="setup" duration-ms="9192" started-at="2021-06-13T12:00:27Z" finished-at="2021-06-13T12:00:36Z">
          <reporter-output>
          </reporter-output>
        </test-method> <!-- setup -->
      </class> <!-- testcase.testcase3 -->
    </test> <!-- Default test -->
  </suite> <!-- Default suite -->
</testng-results>
